<?xml version="1.0" encoding="UTF-8"?>
<!-- Generated by org.testng.reporters.JUnitReportReporter -->
<testsuite hostname="DESKTOP-00JL47O" failures="0" tests="2" name="TestNGpack.Groupby" time="0.013" errors="0" timestamp="2024-07-09T11:40:24 IST" skipped="0">
  <testcase classname="TestNGpack.Groupby" name="test4" time="0.011"/>
  <system-out/>
  <testcase classname="TestNGpack.Groupby" name="test5" time="0.002"/>
  <system-out/>
</testsuite> <!-- TestNGpack.Groupby -->
