<?xml version="1.0" encoding="UTF-8"?>
<!-- Generated by org.testng.reporters.JUnitReportReporter -->
<testsuite hostname="DESKTOP-00JL47O" failures="0" tests="1" name="Test.Automationdemotest" time="5.471" errors="0" timestamp="2024-08-08T09:03:09 IST" skipped="0">
  <testcase classname="Test.Automationdemotest" name="test" time="5.471"/>
  <system-out/>
</testsuite> <!-- Test.Automationdemotest -->
