<?xml version="1.0" encoding="UTF-8"?>
<!-- Generated by org.testng.reporters.JUnitReportReporter -->
<testsuite hostname="DESKTOP-00JL47O" failures="0" tests="1" name="Test.Createtest" time="6.639" errors="0" timestamp="2024-07-20T12:35:41 IST" skipped="0">
  <testcase classname="Test.Createtest" name="test" time="6.639"/>
  <system-out/>
</testsuite> <!-- Test.Createtest -->
