<?xml version="1.0" encoding="UTF-8"?>
<!-- Generated by org.testng.reporters.JUnitReportReporter -->
<testsuite hostname="DESKTOP-00JL47O" failures="0" tests="1" name="Test.Cashonpicktest1" time="4.650" errors="0" timestamp="2024-07-22T11:41:13 IST" skipped="0">
  <testcase classname="Test.Cashonpicktest1" name="test2" time="4.650"/>
  <system-out/>
</testsuite> <!-- Test.Cashonpicktest1 -->
