<?xml version="1.0" encoding="UTF-8"?>
<!-- Generated by org.testng.reporters.JUnitReportReporter -->
<testsuite hostname="DESKTOP-00JL47O" failures="0" tests="1" name="TestNGpack.ExcelFacebookload" time="37.124" errors="0" timestamp="2024-08-08T10:07:23 IST" skipped="0">
  <testcase classname="TestNGpack.ExcelFacebookload" name="Test" time="37.124"/>
  <system-out/>
</testsuite> <!-- TestNGpack.ExcelFacebookload -->
