<?xml version="1.0" encoding="UTF-8"?>
<!-- Generated by org.testng.reporters.JUnitReportReporter -->
<testsuite hostname="DESKTOP-00JL47O" failures="0" tests="1" name="Test.Cashonpicktest" time="7.258" errors="0" timestamp="2024-07-22T11:41:13 IST" skipped="0">
  <testcase classname="Test.Cashonpicktest" name="test" time="7.258"/>
  <system-out/>
</testsuite> <!-- Test.Cashonpicktest -->
