<?xml version="1.0" encoding="UTF-8"?>
<!-- Generated by org.testng.reporters.JUnitReportReporter -->
<testsuite hostname="DESKTOP-00JL47O" failures="0" tests="1" name="TestNGpack.Brokenlinks" time="170.108" errors="0" timestamp="2024-07-12T12:35:32 IST" skipped="0">
  <testcase classname="TestNGpack.Brokenlinks" name="testBrokenLinks" time="170.108"/>
  <system-out/>
</testsuite> <!-- TestNGpack.Brokenlinks -->
