<?xml version="1.0" encoding="UTF-8"?>
<!-- Generated by org.testng.reporters.JUnitReportReporter -->
<testsuite hostname="DESKTOP-00JL47O" failures="0" tests="1" name="Test.Fblogintest" time="0.296" errors="0" timestamp="2024-07-19T10:44:44 IST" skipped="0">
  <testcase classname="Test.Fblogintest" name="test" time="0.296"/>
  <system-out/>
</testsuite> <!-- Test.Fblogintest -->
