<?xml version="1.0" encoding="UTF-8"?>
<!-- Generated by org.testng.reporters.JUnitReportReporter -->
<testsuite hostname="DESKTOP-00JL47O" failures="0" tests="1" name="TestNGpack.Guru99taskfileupload" time="3.504" errors="0" timestamp="2024-08-08T09:59:06 IST" skipped="0">
  <testcase classname="TestNGpack.Guru99taskfileupload" name="befortest" time="3.504"/>
  <system-out/>
</testsuite> <!-- TestNGpack.Guru99taskfileupload -->
