<?xml version="1.0" encoding="UTF-8"?>
<!-- Generated by org.testng.reporters.JUnitReportReporter -->
<testsuite hostname="DESKTOP-00JL47O" failures="0" tests="1" name="TestNGpack.Actionprogram" time="3.879" errors="0" timestamp="2024-07-29T10:14:42 IST" skipped="0">
  <testcase classname="TestNGpack.Actionprogram" name="test1" time="3.879"/>
  <system-out/>
</testsuite> <!-- TestNGpack.Actionprogram -->
