<?xml version="1.0" encoding="UTF-8"?>
<!-- Generated by org.testng.reporters.JUnitReportReporter -->
<testsuite hostname="DESKTOP-00JL47O" failures="0" tests="1" name="TestNGpack.Dragtestng" time="7.923" errors="0" timestamp="2024-08-08T09:02:26 IST" skipped="0">
  <testcase classname="TestNGpack.Dragtestng" name="test1" time="7.923"/>
  <system-out/>
</testsuite> <!-- TestNGpack.Dragtestng -->
