<?xml version="1.0" encoding="UTF-8"?>
<!-- Generated by org.testng.reporters.JUnitReportReporter -->
<testsuite hostname="DESKTOP-00JL47O" failures="0" tests="6" name="TestNGpack.TestNGdemo" time="0.028" errors="0" timestamp="2024-07-17T09:52:26 IST" skipped="0">
  <testcase classname="TestNGpack.TestNGdemo" name="test5" time="0.007"/>
  <system-out/>
  <testcase classname="TestNGpack.TestNGdemo" name="test2" time="0.002"/>
  <system-out/>
  <testcase classname="TestNGpack.TestNGdemo" name="test3" time="0.004"/>
  <system-out/>
  <testcase classname="TestNGpack.TestNGdemo" name="test4" time="0.006"/>
  <system-out/>
  <testcase classname="TestNGpack.TestNGdemo" name="test1" time="0.002"/>
  <system-out/>
  <testcase classname="TestNGpack.TestNGdemo" name="test1" time="0.007"/>
  <system-out/>
</testsuite> <!-- TestNGpack.TestNGdemo -->
