<?xml version="1.0" encoding="UTF-8"?>
<!-- Generated by org.testng.reporters.JUnitReportReporter -->
<testsuite hostname="DESKTOP-00JL47O" failures="0" tests="1" name="TestNGpack.Ilovepdf" time="8.280" errors="0" timestamp="2024-07-17T11:31:25 IST" skipped="0">
  <testcase classname="TestNGpack.Ilovepdf" name="befortest" time="8.280"/>
  <system-out/>
</testsuite> <!-- TestNGpack.Ilovepdf -->
