<?xml version="1.0" encoding="UTF-8"?>
<!-- Generated by org.testng.reporters.JUnitReportReporter -->
<testsuite hostname="DESKTOP-00JL47O" failures="0" tests="2" name="Seleniumpack.Linkedintestng" time="5.392" errors="0" timestamp="2024-07-09T10:34:01 IST" skipped="0">
  <testcase classname="Seleniumpack.Linkedintestng" name="test1" time="4.499"/>
  <system-out/>
  <testcase classname="Seleniumpack.Linkedintestng" name="test2" time="0.893"/>
  <system-out/>
</testsuite> <!-- Seleniumpack.Linkedintestng -->
